<?xml version="1.0" encoding="UTF-8"?>
<testng-results skipped="0" failed="0" ignored="0" total="1" passed="1">
  <reporter-output>
  </reporter-output>
  <suite name="Default suite" duration-ms="64065" started-at="2019-09-01T07:02:10Z" finished-at="2019-09-01T07:03:14Z">
    <groups>
    </groups>
    <test name="Default test" duration-ms="64065" started-at="2019-09-01T07:02:10Z" finished-at="2019-09-01T07:03:14Z">
      <class name="org.zoomcar.testcases.TC001_GetCarName">
        <test-method status="PASS" signature="startApp()[pri:0, instance:org.zoomcar.testcases.TC001_GetCarName@13deb50e]" name="startApp" is-config="true" duration-ms="41656" started-at="2019-09-01T07:02:10Z" finished-at="2019-09-01T07:02:51Z">
          <reporter-output>
          </reporter-output>
        </test-method> <!-- startApp -->
        <test-method status="PASS" signature="runTC001()[pri:0, instance:org.zoomcar.testcases.TC001_GetCarName@13deb50e]" name="runTC001" duration-ms="20734" started-at="2019-09-01T07:02:51Z" finished-at="2019-09-01T07:03:12Z">
          <reporter-output>
          </reporter-output>
        </test-method> <!-- runTC001 -->
        <test-method status="PASS" signature="closeApp()[pri:0, instance:org.zoomcar.testcases.TC001_GetCarName@13deb50e]" name="closeApp" is-config="true" duration-ms="1534" started-at="2019-09-01T07:03:12Z" finished-at="2019-09-01T07:03:13Z">
          <reporter-output>
          </reporter-output>
        </test-method> <!-- closeApp -->
      </class> <!-- org.zoomcar.testcases.TC001_GetCarName -->
    </test> <!-- Default test -->
  </suite> <!-- Default suite -->
</testng-results>
